2025-12-30 09:42:38,846 [INFO] [31m[1mWARNING: This is a development server. Do not use it in a production deployment. Use a production WSGI server instead.[0m
 * Running on all addresses (0.0.0.0)
 * Running on http://127.0.0.1:7788
 * Running on http://192.168.1.4:7788
2025-12-30 09:42:38,846 [INFO] [33mPress CTRL+C to quit[0m
2025-12-30 09:42:38,849 [INFO]  * Restarting with stat
2025-12-30 09:42:40,681 [WARNING]  * Debugger is active!
2025-12-30 09:42:40,689 [INFO]  * Debugger PIN: 677-314-678
2025-12-30 09:42:46,626 [INFO] 127.0.0.1 - - [30/Dec/2025 09:42:46] "GET / HTTP/1.1" 200 -
2025-12-30 09:42:46,749 [INFO] 127.0.0.1 - - [30/Dec/2025 09:42:46] "[33mGET /static/js/locales/bootstrap-datetimepicker.zh-CN.js HTTP/1.1[0m" 404 -
2025-12-30 09:42:46,957 [INFO] 127.0.0.1 - - [30/Dec/2025 09:42:46] "[36mGET /static/js/jquery-1.12.4.min.js HTTP/1.1[0m" 304 -
2025-12-30 09:42:46,963 [INFO] 127.0.0.1 - - [30/Dec/2025 09:42:46] "[36mGET /static/bootstrap-3.3.7-dist/css/bootstrap.min.css HTTP/1.1[0m" 304 -
2025-12-30 09:42:46,967 [INFO] 127.0.0.1 - - [30/Dec/2025 09:42:46] "[36mGET /static/bootstrap-3.3.7-dist/js/bootstrap.min.js HTTP/1.1[0m" 304 -
2025-12-30 09:42:46,976 [INFO] 127.0.0.1 - - [30/Dec/2025 09:42:46] "[36mGET /static/js/bootstrap-datetimepicker.min.js HTTP/1.1[0m" 304 -
2025-12-30 09:42:47,243 [INFO] 127.0.0.1 - - [30/Dec/2025 09:42:47] "[33mGET /favicon.ico HTTP/1.1[0m" 404 -
2025-12-30 09:42:49,236 [INFO] 127.0.0.1 - - [30/Dec/2025 09:42:49] "[35m[1mGET /emps?pn=1 HTTP/1.1[0m" 500 -
2025-12-30 09:42:49,243 [INFO] 127.0.0.1 - - [30/Dec/2025 09:42:49] "[35m[1mGET /device HTTP/1.1[0m" 500 -
2025-12-30 09:47:24,443 [INFO] 192.168.1.225 - - [30/Dec/2025 09:47:24] "GET /pub/chat HTTP/1.1" 200 -
2025-12-30 09:47:28,236 [INFO] 192.168.1.225 - - [30/Dec/2025 09:47:28] "GET /pub/chat HTTP/1.1" 200 -
2025-12-30 09:50:37,281 [INFO] [31m[1mWARNING: This is a development server. Do not use it in a production deployment. Use a production WSGI server instead.[0m
 * Running on all addresses (0.0.0.0)
 * Running on http://127.0.0.1:7788
 * Running on http://192.168.1.4:7788
2025-12-30 09:50:37,282 [INFO] [33mPress CTRL+C to quit[0m
2025-12-30 09:50:37,286 [INFO]  * Restarting with stat
2025-12-30 09:50:38,367 [WARNING]  * Debugger is active!
2025-12-30 09:50:38,371 [INFO]  * Debugger PIN: 677-314-678
2025-12-30 09:50:41,423 [INFO] 192.168.1.4 - - [30/Dec/2025 09:50:41] "GET / HTTP/1.1" 200 -
2025-12-30 09:50:41,517 [INFO] 192.168.1.4 - - [30/Dec/2025 09:50:41] "[33mGET /static/js/locales/bootstrap-datetimepicker.zh-CN.js HTTP/1.1[0m" 404 -
2025-12-30 09:50:41,781 [INFO] 192.168.1.4 - - [30/Dec/2025 09:50:41] "GET /static/js/bootstrap-datetimepicker.min.js HTTP/1.1" 200 -
2025-12-30 09:50:41,784 [INFO] 192.168.1.4 - - [30/Dec/2025 09:50:41] "GET /static/bootstrap-3.3.7-dist/css/bootstrap.min.css HTTP/1.1" 200 -
2025-12-30 09:50:41,785 [INFO] 192.168.1.4 - - [30/Dec/2025 09:50:41] "GET /static/js/jquery-1.12.4.min.js HTTP/1.1" 200 -
2025-12-30 09:50:41,787 [INFO] 192.168.1.4 - - [30/Dec/2025 09:50:41] "GET /static/bootstrap-3.3.7-dist/js/bootstrap.min.js HTTP/1.1" 200 -
2025-12-30 09:50:42,407 [INFO] 192.168.1.4 - - [30/Dec/2025 09:50:42] "[33mGET /favicon.ico HTTP/1.1[0m" 404 -
2025-12-30 09:50:44,382 [INFO] 192.168.1.4 - - [30/Dec/2025 09:50:44] "[35m[1mGET /device HTTP/1.1[0m" 500 -
2025-12-30 09:50:44,388 [INFO] 192.168.1.4 - - [30/Dec/2025 09:50:44] "[35m[1mGET /emps?pn=1 HTTP/1.1[0m" 500 -
2025-12-30 09:51:01,116 [INFO] 192.168.1.4 - - [30/Dec/2025 09:51:01] "GET / HTTP/1.1" 200 -
2025-12-30 09:51:01,154 [INFO] 192.168.1.4 - - [30/Dec/2025 09:51:01] "[36mGET /static/js/jquery-1.12.4.min.js HTTP/1.1[0m" 304 -
2025-12-30 09:51:01,162 [INFO] 192.168.1.4 - - [30/Dec/2025 09:51:01] "[36mGET /static/bootstrap-3.3.7-dist/css/bootstrap.min.css HTTP/1.1[0m" 304 -
2025-12-30 09:51:01,164 [INFO] 192.168.1.4 - - [30/Dec/2025 09:51:01] "[36mGET /static/js/bootstrap-datetimepicker.min.js HTTP/1.1[0m" 304 -
2025-12-30 09:51:01,166 [INFO] 192.168.1.4 - - [30/Dec/2025 09:51:01] "[36mGET /static/bootstrap-3.3.7-dist/js/bootstrap.min.js HTTP/1.1[0m" 304 -
2025-12-30 09:51:01,167 [INFO] 192.168.1.4 - - [30/Dec/2025 09:51:01] "[33mGET /static/js/locales/bootstrap-datetimepicker.zh-CN.js HTTP/1.1[0m" 404 -
2025-12-30 09:51:03,391 [INFO] 192.168.1.4 - - [30/Dec/2025 09:51:03] "[35m[1mGET /device HTTP/1.1[0m" 500 -
2025-12-30 09:51:03,396 [INFO] 192.168.1.4 - - [30/Dec/2025 09:51:03] "[35m[1mGET /emps?pn=1 HTTP/1.1[0m" 500 -
2025-12-30 09:52:51,925 [INFO] [31m[1mWARNING: This is a development server. Do not use it in a production deployment. Use a production WSGI server instead.[0m
 * Running on all addresses (0.0.0.0)
 * Running on http://127.0.0.1:7788
 * Running on http://192.168.1.4:7788
2025-12-30 09:52:51,925 [INFO] [33mPress CTRL+C to quit[0m
2025-12-30 09:52:51,928 [INFO]  * Restarting with stat
2025-12-30 09:52:53,090 [WARNING]  * Debugger is active!
2025-12-30 09:52:53,095 [INFO]  * Debugger PIN: 677-314-678
2025-12-30 09:52:53,901 [INFO] 192.168.1.225 - - [30/Dec/2025 09:52:53] "GET /pub/chat HTTP/1.1" 200 -
2025-12-30 09:57:32,868 [INFO] [31m[1mWARNING: This is a development server. Do not use it in a production deployment. Use a production WSGI server instead.[0m
 * Running on all addresses (0.0.0.0)
 * Running on http://127.0.0.1:7788
 * Running on http://192.168.1.4:7788
2025-12-30 09:57:32,868 [INFO] [33mPress CTRL+C to quit[0m
2025-12-30 09:57:32,871 [INFO]  * Restarting with stat
2025-12-30 09:57:33,765 [WARNING]  * Debugger is active!
2025-12-30 09:57:33,768 [INFO]  * Debugger PIN: 677-314-678
2025-12-30 09:57:36,961 [INFO] 192.168.1.4 - - [30/Dec/2025 09:57:36] "GET / HTTP/1.1" 200 -
2025-12-30 09:57:37,013 [INFO] 192.168.1.4 - - [30/Dec/2025 09:57:37] "[33mGET /static/js/locales/bootstrap-datetimepicker.zh-CN.js HTTP/1.1[0m" 404 -
2025-12-30 09:57:37,242 [INFO] 192.168.1.4 - - [30/Dec/2025 09:57:37] "[36mGET /static/js/jquery-1.12.4.min.js HTTP/1.1[0m" 304 -
2025-12-30 09:57:37,248 [INFO] 192.168.1.4 - - [30/Dec/2025 09:57:37] "[36mGET /static/bootstrap-3.3.7-dist/css/bootstrap.min.css HTTP/1.1[0m" 304 -
2025-12-30 09:57:37,250 [INFO] 192.168.1.4 - - [30/Dec/2025 09:57:37] "[36mGET /static/js/bootstrap-datetimepicker.min.js HTTP/1.1[0m" 304 -
2025-12-30 09:57:37,254 [INFO] 192.168.1.4 - - [30/Dec/2025 09:57:37] "[36mGET /static/bootstrap-3.3.7-dist/js/bootstrap.min.js HTTP/1.1[0m" 304 -
2025-12-30 09:57:37,444 [INFO] 192.168.1.4 - - [30/Dec/2025 09:57:37] "GET /device HTTP/1.1" 200 -
2025-12-30 09:57:37,454 [INFO] 192.168.1.4 - - [30/Dec/2025 09:57:37] "GET /emps?pn=1 HTTP/1.1" 200 -
2025-12-30 09:58:40,951 [INFO] [31m[1mWARNING: This is a development server. Do not use it in a production deployment. Use a production WSGI server instead.[0m
 * Running on http://192.168.1.4:7788
2025-12-30 09:58:40,951 [INFO] [33mPress CTRL+C to quit[0m
2025-12-30 09:58:40,955 [INFO]  * Restarting with stat
2025-12-30 09:58:41,868 [WARNING]  * Debugger is active!
2025-12-30 09:58:41,872 [INFO]  * Debugger PIN: 677-314-678
2025-12-30 09:58:47,245 [INFO] 192.168.1.4 - - [30/Dec/2025 09:58:47] "GET / HTTP/1.1" 200 -
2025-12-30 09:58:47,293 [INFO] 192.168.1.4 - - [30/Dec/2025 09:58:47] "[33mGET /static/js/locales/bootstrap-datetimepicker.zh-CN.js HTTP/1.1[0m" 404 -
2025-12-30 09:58:47,497 [INFO] 192.168.1.4 - - [30/Dec/2025 09:58:47] "[36mGET /static/js/jquery-1.12.4.min.js HTTP/1.1[0m" 304 -
2025-12-30 09:58:47,500 [INFO] 192.168.1.4 - - [30/Dec/2025 09:58:47] "[36mGET /static/bootstrap-3.3.7-dist/css/bootstrap.min.css HTTP/1.1[0m" 304 -
2025-12-30 09:58:47,511 [INFO] 192.168.1.4 - - [30/Dec/2025 09:58:47] "[36mGET /static/js/bootstrap-datetimepicker.min.js HTTP/1.1[0m" 304 -
2025-12-30 09:58:47,513 [INFO] 192.168.1.4 - - [30/Dec/2025 09:58:47] "[36mGET /static/bootstrap-3.3.7-dist/js/bootstrap.min.js HTTP/1.1[0m" 304 -
2025-12-30 09:58:47,579 [INFO] 192.168.1.4 - - [30/Dec/2025 09:58:47] "GET /emps?pn=1 HTTP/1.1" 200 -
2025-12-30 09:58:47,590 [INFO] 192.168.1.4 - - [30/Dec/2025 09:58:47] "GET /device HTTP/1.1" 200 -
2025-12-30 09:59:01,450 [INFO] 192.168.1.4 - - [30/Dec/2025 09:59:01] "GET /logRecords?deviceSn=AXTB12010831 HTTP/1.1" 200 -
2025-12-30 09:59:01,475 [INFO] 192.168.1.4 - - [30/Dec/2025 09:59:01] "GET /static/js/jquery-1.12.4.min.js HTTP/1.1" 200 -
2025-12-30 09:59:01,488 [INFO] 192.168.1.4 - - [30/Dec/2025 09:59:01] "GET /static/bootstrap-3.3.7-dist/js/bootstrap.min.js HTTP/1.1" 200 -
2025-12-30 09:59:01,492 [INFO] 192.168.1.4 - - [30/Dec/2025 09:59:01] "GET /static/bootstrap-3.3.7-dist/css/bootstrap.min.css HTTP/1.1" 200 -
2025-12-30 09:59:01,540 [INFO] 192.168.1.4 - - [30/Dec/2025 09:59:01] "GET /records?pn=1 HTTP/1.1" 200 -
2025-12-30 09:59:01,567 [INFO] 192.168.1.4 - - [30/Dec/2025 09:59:01] "[33mGET /img/null HTTP/1.1[0m" 404 -
2025-12-30 09:59:47,126 [INFO] 192.168.1.4 - - [30/Dec/2025 09:59:47] "GET /setPersonToDevice?deviceSn=AXTB12010831 HTTP/1.1" 200 -
2025-12-30 09:59:48,302 [INFO] 192.168.1.4 - - [30/Dec/2025 09:59:48] "GET /emps?pn=1 HTTP/1.1" 200 -
2025-12-30 10:00:31,331 [INFO] 192.168.1.4 - - [30/Dec/2025 10:00:31] "GET / HTTP/1.1" 200 -
2025-12-30 10:00:31,365 [INFO] 192.168.1.4 - - [30/Dec/2025 10:00:31] "[36mGET /static/js/jquery-1.12.4.min.js HTTP/1.1[0m" 304 -
2025-12-30 10:00:31,378 [INFO] 192.168.1.4 - - [30/Dec/2025 10:00:31] "[36mGET /static/bootstrap-3.3.7-dist/css/bootstrap.min.css HTTP/1.1[0m" 304 -
2025-12-30 10:00:31,379 [INFO] 192.168.1.4 - - [30/Dec/2025 10:00:31] "[36mGET /static/js/bootstrap-datetimepicker.min.js HTTP/1.1[0m" 304 -
2025-12-30 10:00:31,381 [INFO] 192.168.1.4 - - [30/Dec/2025 10:00:31] "[36mGET /static/bootstrap-3.3.7-dist/js/bootstrap.min.js HTTP/1.1[0m" 304 -
2025-12-30 10:00:31,391 [INFO] 192.168.1.4 - - [30/Dec/2025 10:00:31] "[33mGET /static/js/locales/bootstrap-datetimepicker.zh-CN.js HTTP/1.1[0m" 404 -
2025-12-30 10:00:31,474 [INFO] 192.168.1.4 - - [30/Dec/2025 10:00:31] "GET /emps?pn=1 HTTP/1.1" 200 -
2025-12-30 10:00:31,481 [INFO] 192.168.1.4 - - [30/Dec/2025 10:00:31] "GET /device HTTP/1.1" 200 -
2025-12-30 10:00:44,537 [INFO] 192.168.1.4 - - [30/Dec/2025 10:00:44] "GET /logRecords?deviceSn=AXTB12010831 HTTP/1.1" 200 -
2025-12-30 10:00:44,574 [INFO] 192.168.1.4 - - [30/Dec/2025 10:00:44] "[36mGET /static/js/jquery-1.12.4.min.js HTTP/1.1[0m" 304 -
2025-12-30 10:00:44,576 [INFO] 192.168.1.4 - - [30/Dec/2025 10:00:44] "[36mGET /static/bootstrap-3.3.7-dist/css/bootstrap.min.css HTTP/1.1[0m" 304 -
2025-12-30 10:00:44,578 [INFO] 192.168.1.4 - - [30/Dec/2025 10:00:44] "[36mGET /static/bootstrap-3.3.7-dist/js/bootstrap.min.js HTTP/1.1[0m" 304 -
2025-12-30 10:00:44,614 [INFO] 192.168.1.4 - - [30/Dec/2025 10:00:44] "GET /records?pn=1 HTTP/1.1" 200 -
2025-12-30 10:00:44,656 [INFO] 192.168.1.4 - - [30/Dec/2025 10:00:44] "[33mGET /img/null HTTP/1.1[0m" 404 -
2025-12-30 10:01:13,716 [INFO] 192.168.1.4 - - [30/Dec/2025 10:01:13] "GET /logRecords?deviceSn=AXTB12010831 HTTP/1.1" 200 -
2025-12-30 10:01:13,742 [INFO] 192.168.1.4 - - [30/Dec/2025 10:01:13] "[36mGET /static/js/jquery-1.12.4.min.js HTTP/1.1[0m" 304 -
2025-12-30 10:01:13,745 [INFO] 192.168.1.4 - - [30/Dec/2025 10:01:13] "[36mGET /static/bootstrap-3.3.7-dist/css/bootstrap.min.css HTTP/1.1[0m" 304 -
2025-12-30 10:01:13,751 [INFO] 192.168.1.4 - - [30/Dec/2025 10:01:13] "[36mGET /static/bootstrap-3.3.7-dist/js/bootstrap.min.js HTTP/1.1[0m" 304 -
2025-12-30 10:01:13,788 [INFO] 192.168.1.4 - - [30/Dec/2025 10:01:13] "GET /records?pn=1 HTTP/1.1" 200 -
2025-12-30 10:01:13,812 [INFO] 192.168.1.4 - - [30/Dec/2025 10:01:13] "[33mGET /img/null HTTP/1.1[0m" 404 -
2025-12-30 10:02:57,951 [INFO]  * Detected change in 'C:\\Users\\LENOVO\\OneDrive\\Desktop\\Orca\\attendence\\FlaskProject\\Models\\DeviceStatus.py', reloading
2025-12-30 10:02:58,061 [INFO]  * Restarting with stat
2025-12-30 10:02:58,982 [WARNING]  * Debugger is active!
2025-12-30 10:02:58,989 [INFO]  * Debugger PIN: 405-619-634
2025-12-30 10:02:59,039 [INFO] 192.168.1.225 - - [30/Dec/2025 10:02:59] "[35m[1mGET /pub/chat HTTP/1.1[0m" 500 -
2025-12-30 10:02:59,333 [INFO] 192.168.1.225 - - [30/Dec/2025 10:02:59] "[35m[1mGET /pub/chat HTTP/1.1[0m" 500 -
2025-12-30 10:02:59,649 [INFO] 192.168.1.225 - - [30/Dec/2025 10:02:59] "[35m[1mGET /pub/chat HTTP/1.1[0m" 500 -
2025-12-30 10:03:00,011 [INFO] 192.168.1.225 - - [30/Dec/2025 10:03:00] "[35m[1mGET /pub/chat HTTP/1.1[0m" 500 -
2025-12-30 10:03:00,400 [INFO] 192.168.1.225 - - [30/Dec/2025 10:03:00] "[35m[1mGET /pub/chat HTTP/1.1[0m" 500 -
2025-12-30 10:03:00,825 [INFO] 192.168.1.225 - - [30/Dec/2025 10:03:00] "[35m[1mGET /pub/chat HTTP/1.1[0m" 500 -
2025-12-30 10:03:01,411 [INFO] 192.168.1.225 - - [30/Dec/2025 10:03:01] "[35m[1mGET /pub/chat HTTP/1.1[0m" 500 -
2025-12-30 10:03:01,934 [INFO] 192.168.1.225 - - [30/Dec/2025 10:03:01] "[35m[1mGET /pub/chat HTTP/1.1[0m" 500 -
2025-12-30 10:03:02,496 [INFO] 192.168.1.225 - - [30/Dec/2025 10:03:02] "[35m[1mGET /pub/chat HTTP/1.1[0m" 500 -
2025-12-30 10:03:03,107 [INFO] 192.168.1.225 - - [30/Dec/2025 10:03:03] "[35m[1mGET /pub/chat HTTP/1.1[0m" 500 -
2025-12-30 10:03:03,779 [INFO] 192.168.1.225 - - [30/Dec/2025 10:03:03] "[35m[1mGET /pub/chat HTTP/1.1[0m" 500 -
2025-12-30 10:03:04,194 [INFO]  * Detected change in 'C:\\Users\\LENOVO\\OneDrive\\Desktop\\Orca\\attendence\\FlaskProject\\Models\\DeviceStatus.py', reloading
2025-12-30 10:03:04,292 [INFO]  * Restarting with stat
2025-12-30 10:03:05,226 [WARNING]  * Debugger is active!
2025-12-30 10:03:05,229 [INFO]  * Debugger PIN: 677-314-678
2025-12-30 10:05:41,291 [INFO]  * Detected change in 'C:\\Users\\LENOVO\\OneDrive\\Desktop\\Orca\\attendence\\FlaskProject\\Models\\DeviceStatus.py', reloading
2025-12-30 10:05:44,468 [INFO] [31m[1mWARNING: This is a development server. Do not use it in a production deployment. Use a production WSGI server instead.[0m
 * Running on http://192.168.1.4:7788
2025-12-30 10:05:44,469 [INFO] [33mPress CTRL+C to quit[0m
2025-12-30 10:05:44,470 [INFO]  * Restarting with stat
2025-12-30 10:05:45,361 [WARNING]  * Debugger is active!
2025-12-30 10:05:45,365 [INFO]  * Debugger PIN: 677-314-678
2025-12-30 10:42:24,208 [INFO]  * Detected change in 'C:\\Users\\LENOVO\\OneDrive\\Desktop\\Orca\\attendence\\FlaskProject\\webhook.py', reloading
2025-12-30 10:42:24,623 [INFO]  * Restarting with stat
2025-12-30 10:42:26,404 [WARNING]  * Debugger is active!
2025-12-30 10:42:26,411 [INFO]  * Debugger PIN: 677-314-678
2025-12-30 10:42:29,636 [INFO]  * Detected change in 'C:\\Users\\LENOVO\\OneDrive\\Desktop\\Orca\\attendence\\FlaskProject\\webhook.py', reloading
2025-12-30 10:42:29,758 [INFO]  * Restarting with stat
2025-12-30 10:42:31,175 [WARNING]  * Debugger is active!
2025-12-30 10:42:31,181 [INFO]  * Debugger PIN: 677-314-678
2025-12-30 10:42:33,379 [INFO]  * Detected change in 'C:\\Users\\LENOVO\\OneDrive\\Desktop\\Orca\\attendence\\FlaskProject\\webhook.py', reloading
2025-12-30 10:42:33,525 [INFO]  * Restarting with stat
2025-12-30 10:42:34,670 [WARNING]  * Debugger is active!
2025-12-30 10:42:34,676 [INFO]  * Debugger PIN: 677-314-678
2025-12-30 10:42:39,926 [INFO]  * Detected change in 'C:\\Users\\LENOVO\\OneDrive\\Desktop\\Orca\\attendence\\FlaskProject\\webhook.py', reloading
2025-12-30 10:42:40,093 [INFO]  * Restarting with stat
2025-12-30 10:42:41,222 [WARNING]  * Debugger is active!
2025-12-30 10:42:41,226 [INFO]  * Debugger PIN: 677-314-678
2025-12-30 10:42:44,372 [INFO]  * Detected change in 'C:\\Users\\LENOVO\\OneDrive\\Desktop\\Orca\\attendence\\FlaskProject\\webhook.py', reloading
2025-12-30 10:42:44,470 [INFO]  * Restarting with stat
2025-12-30 10:42:45,423 [WARNING]  * Debugger is active!
2025-12-30 10:42:45,427 [INFO]  * Debugger PIN: 677-314-678
2025-12-30 10:42:49,666 [INFO]  * Detected change in 'C:\\Users\\LENOVO\\OneDrive\\Desktop\\Orca\\attendence\\FlaskProject\\webhook.py', reloading
2025-12-30 10:42:49,824 [INFO]  * Restarting with stat
2025-12-30 10:42:50,854 [WARNING]  * Debugger is active!
2025-12-30 10:42:50,858 [INFO]  * Debugger PIN: 677-314-678
2025-12-30 10:42:55,048 [INFO]  * Detected change in 'C:\\Users\\LENOVO\\OneDrive\\Desktop\\Orca\\attendence\\FlaskProject\\webhook.py', reloading
2025-12-30 10:42:55,153 [INFO]  * Restarting with stat
2025-12-30 10:42:56,301 [WARNING]  * Debugger is active!
2025-12-30 10:42:56,305 [INFO]  * Debugger PIN: 677-314-678
2025-12-30 10:43:01,673 [INFO]  * Detected change in 'C:\\Users\\LENOVO\\OneDrive\\Desktop\\Orca\\attendence\\FlaskProject\\app.py', reloading
2025-12-30 10:43:01,786 [INFO]  * Restarting with stat
2025-12-30 10:43:04,507 [INFO]  * Restarting with stat
2025-12-30 10:43:06,111 [INFO]  * Restarting with stat
2025-12-30 10:43:08,385 [INFO]  * Restarting with stat
2025-12-30 10:43:11,626 [INFO]  * Restarting with stat
2025-12-30 10:43:13,872 [WARNING]  * Debugger is active!
2025-12-30 10:43:13,877 [INFO]  * Debugger PIN: 405-619-634
2025-12-30 10:43:28,705 [INFO] 192.168.1.225 - - [30/Dec/2025 10:43:28] "[35m[1mGET /pub/chat HTTP/1.1[0m" 500 -
2025-12-30 10:43:28,946 [INFO] 192.168.1.225 - - [30/Dec/2025 10:43:28] "[35m[1mGET /pub/chat HTTP/1.1[0m" 500 -
2025-12-30 10:43:29,240 [INFO] 192.168.1.225 - - [30/Dec/2025 10:43:29] "[35m[1mGET /pub/chat HTTP/1.1[0m" 500 -
2025-12-30 10:43:29,606 [INFO] 192.168.1.225 - - [30/Dec/2025 10:43:29] "[35m[1mGET /pub/chat HTTP/1.1[0m" 500 -
2025-12-30 10:43:29,988 [INFO] 192.168.1.225 - - [30/Dec/2025 10:43:29] "[35m[1mGET /pub/chat HTTP/1.1[0m" 500 -
2025-12-30 10:43:30,510 [INFO]  * Detected change in 'C:\\Users\\LENOVO\\OneDrive\\Desktop\\Orca\\attendence\\FlaskProject\\app.py', reloading
2025-12-30 10:43:30,650 [INFO]  * Restarting with stat
2025-12-30 10:43:31,656 [WARNING]  * Debugger is active!
2025-12-30 10:43:31,661 [INFO]  * Debugger PIN: 405-619-634
2025-12-30 10:43:32,784 [INFO] 192.168.1.225 - - [30/Dec/2025 10:43:32] "[35m[1mGET /pub/chat HTTP/1.1[0m" 500 -
2025-12-30 10:43:33,064 [INFO] 192.168.1.225 - - [30/Dec/2025 10:43:33] "[35m[1mGET /pub/chat HTTP/1.1[0m" 500 -
2025-12-30 10:43:33,401 [INFO] 192.168.1.225 - - [30/Dec/2025 10:43:33] "[35m[1mGET /pub/chat HTTP/1.1[0m" 500 -
2025-12-30 10:43:33,785 [INFO] 192.168.1.225 - - [30/Dec/2025 10:43:33] "[35m[1mGET /pub/chat HTTP/1.1[0m" 500 -
2025-12-30 10:43:34,191 [INFO] 192.168.1.225 - - [30/Dec/2025 10:43:34] "[35m[1mGET /pub/chat HTTP/1.1[0m" 500 -
2025-12-30 10:43:34,683 [INFO] 192.168.1.225 - - [30/Dec/2025 10:43:34] "[35m[1mGET /pub/chat HTTP/1.1[0m" 500 -
2025-12-30 10:44:51,772 [INFO] [31m[1mWARNING: This is a development server. Do not use it in a production deployment. Use a production WSGI server instead.[0m
 * Running on http://192.168.1.4:7788
2025-12-30 10:44:51,773 [INFO] [33mPress CTRL+C to quit[0m
2025-12-30 10:44:51,775 [INFO]  * Restarting with stat
2025-12-30 10:44:53,144 [WARNING]  * Debugger is active!
2025-12-30 10:44:53,152 [INFO]  * Debugger PIN: 677-314-678
2025-12-30 10:45:06,850 [INFO] [Webhook] Sending attendance payload: {'cmd': 'sendlog', 'sn': 'AXTB12010831', 'count': 1, 'logindex': 0, 'record': [{'enrollid': 3, 'name': '', 'time': '2025-12-30 10:45:04', 'mode': 16, 'inout': 0, 'event': 0}]}
2025-12-30 10:45:06,906 [ERROR] [Webhook] Django rejected request | status=403 response=<!DOCTYPE html>
<html lang="en">
<head>
  <meta http-equiv="content-type" content="text/html; charset=utf-8">
  <meta name="robots" content="NONE,NOARCHIVE">
  <title>403 Forbidden</title>
  <style>
    html * { padding:0; margin:0; }
    body * { padding:10px 20px; }
    body * * { padding:0; }
    body { font-family: sans-serif; background:#eee; color:#000; }
    body>div { border-bottom:1px solid #ddd; }
    h1 { font-weight:normal; margin-bottom:.4em; }
    h1 span { font-size:60%; color:#666; font-weight:normal; }
    #info { background:#f6f6f6; }
    #info ul { margin: 0.5em 4em; }
    #info p, #summary p { padding-top:10px; }
    #summary { background: #ffc; }
    #explanation { background:#eee; border-bottom: 0px none; }
  </style>
</head>
<body>
<div id="summary">
  <h1>Forbidden <span>(403)</span></h1>
  <p>CSRF verification failed. Request aborted.</p>


  <p>You are seeing this message because this site requires a CSRF cookie when submitting forms. This cookie is required for security reasons, to ensure that your browser is not being hijacked by third parties.</p>
  <p>If you have configured your browser to disable cookies, please re-enable them, at least for this site, or for “same-origin” requests.</p>

</div>

<div id="info">
  <h2>Help</h2>
    
    <p>Reason given for failure:</p>
    <pre>
    CSRF cookie not set.
    </pre>
    

  <p>In general, this can occur when there is a genuine Cross Site Request Forgery, or when
  <a
  href="https://docs.djangoproject.com/en/5.2/ref/csrf/">Django’s
  CSRF mechanism</a> has not been used correctly.  For POST forms, you need to
  ensure:</p>

  <ul>
    <li>Your browser is accepting cookies.</li>

    <li>The view function passes a <code>request</code> to the template’s <a
    href="https://docs.djangoproject.com/en/5.2/topics/templates/#django.template.backends.base.Template.render"><code>render</code></a>
    method.</li>

    <li>In the template, there is a <code>{% csrf_token
    %}</code> template tag inside each POST form that
    targets an internal URL.</li>

    <li>If you are not using <code>CsrfViewMiddleware</code>, then you must use
    <code>csrf_protect</code> on any views that use the <code>csrf_token</code>
    template tag, as well as those that accept the POST data.</li>

    <li>The form has a valid CSRF token. After logging in in another browser
    tab or hitting the back button after a login, you may need to reload the
    page with the form, because the token is rotated after a login.</li>
  </ul>

  <p>You’re seeing the help section of this page because you have <code>DEBUG =
  True</code> in your Django settings file. Change that to <code>False</code>,
  and only the initial error message will be displayed.  </p>

  <p>You can customize this page using the CSRF_FAILURE_VIEW setting.</p>
</div>

</body>
</html>

2025-12-30 10:47:33,219 [INFO] [Webhook] Sending attendance payload: {'cmd': 'sendlog', 'sn': 'AXTB12010831', 'count': 1, 'logindex': 0, 'record': [{'enrollid': 3, 'name': '', 'time': '2025-12-30 10:47:30', 'mode': 16, 'inout': 0, 'event': 0}]}
2025-12-30 10:47:33,246 [INFO] [Webhook] Attendance forwarded successfully
2025-12-30 10:48:52,002 [INFO] [Webhook] Sending attendance payload: {'cmd': 'sendlog', 'sn': 'AXTB12010831', 'count': 1, 'logindex': 0, 'record': [{'enrollid': 5, 'name': 'G1', 'time': '2025-12-30 10:48:50', 'mode': 1, 'inout': 0, 'event': 0}]}
2025-12-30 10:48:52,032 [INFO] [Webhook] Attendance forwarded successfully
2025-12-30 11:09:36,716 [INFO] [Webhook] Sending attendance payload: {'cmd': 'sendlog', 'sn': 'AXTB12010831', 'count': 1, 'logindex': 0, 'record': [{'enrollid': 3, 'name': '', 'time': '2025-12-30 11:09:33', 'mode': 16, 'inout': 0, 'event': 0}]}
2025-12-30 11:09:36,732 [INFO] [Webhook] Attendance forwarded successfully
2025-12-30 11:09:48,285 [INFO] [Webhook] Sending attendance payload: {'cmd': 'sendlog', 'sn': 'AXTB12010831', 'count': 1, 'logindex': 0, 'record': [{'enrollid': 5, 'name': 'G1', 'time': '2025-12-30 11:09:46', 'mode': 1, 'inout': 0, 'event': 0}]}
2025-12-30 11:09:48,292 [INFO] [Webhook] Attendance forwarded successfully
2025-12-30 11:21:25,694 [INFO] [Webhook] Sending attendance payload: {'cmd': 'sendlog', 'sn': 'AXTB12010831', 'count': 1, 'logindex': 0, 'record': [{'enrollid': 2, 'name': '', 'time': '2025-12-30 11:21:21', 'mode': 16, 'inout': 0, 'event': 0}]}
2025-12-30 11:21:25,703 [INFO] [Webhook] Attendance forwarded successfully
2025-12-30 11:21:32,208 [INFO] [Webhook] Sending attendance payload: {'cmd': 'sendlog', 'sn': 'AXTB12010831', 'count': 1, 'logindex': 0, 'record': [{'enrollid': 5, 'name': 'G1', 'time': '2025-12-30 11:21:30', 'mode': 1, 'inout': 0, 'event': 0}]}
2025-12-30 11:21:32,227 [INFO] [Webhook] Attendance forwarded successfully
2025-12-30 11:22:21,438 [INFO] [Webhook] Sending attendance payload: {'cmd': 'sendlog', 'sn': 'AXTB12010831', 'count': 1, 'logindex': 0, 'record': [{'enrollid': 4, 'name': '', 'time': '2025-12-30 11:22:18', 'mode': 16, 'inout': 0, 'event': 0}]}
2025-12-30 11:22:21,466 [INFO] [Webhook] Attendance forwarded successfully
2025-12-30 11:23:25,190 [INFO] [Webhook] Sending attendance payload: {'cmd': 'sendlog', 'sn': 'AXTB12010831', 'count': 1, 'logindex': 0, 'record': [{'enrollid': 2, 'name': '', 'time': '2025-12-30 11:23:23', 'mode': 16, 'inout': 0, 'event': 0}]}
2025-12-30 11:23:25,297 [INFO] [Webhook] Attendance forwarded successfully
2025-12-30 11:25:04,885 [INFO] [Webhook] Sending attendance payload: {'cmd': 'sendlog', 'sn': 'AXTB12010831', 'count': 1, 'logindex': 0, 'record': [{'enrollid': 2, 'name': 'Jileesh Rajan', 'time': '2025-12-30 11:25:01', 'mode': 1, 'inout': 0, 'event': 0}]}
2025-12-30 11:25:04,893 [INFO] [Webhook] Attendance forwarded successfully
2025-12-30 11:35:43,148 [INFO] [Webhook] Sending attendance payload: {'cmd': 'sendlog', 'sn': 'AXTB12010831', 'count': 1, 'logindex': 0, 'record': [{'enrollid': 6, 'name': 'CARD', 'time': '2025-12-30 11:35:39', 'mode': 3, 'inout': 0, 'event': 0}]}
2025-12-30 11:35:43,156 [INFO] [Webhook] Attendance forwarded successfully
2025-12-30 11:42:47,216 [INFO] [Webhook] Sending attendance payload: {'cmd': 'sendlog', 'sn': 'AXTB12010831', 'count': 1, 'logindex': 0, 'record': [{'enrollid': 4, 'name': '', 'time': '2025-12-30 11:42:45', 'mode': 16, 'inout': 0, 'event': 0}]}
2025-12-30 11:42:47,251 [INFO] [Webhook] Attendance forwarded successfully
2025-12-30 11:49:36,867 [INFO] 192.168.1.225 - - [30/Dec/2025 11:49:36] "GET /pub/chat HTTP/1.1" 200 -
2025-12-30 11:49:41,317 [INFO] 192.168.1.225 - - [30/Dec/2025 11:49:41] "GET /pub/chat HTTP/1.1" 200 -
2025-12-30 11:55:41,418 [INFO] [31m[1mWARNING: This is a development server. Do not use it in a production deployment. Use a production WSGI server instead.[0m
 * Running on http://192.168.1.4:7788
2025-12-30 11:55:41,418 [INFO] [33mPress CTRL+C to quit[0m
2025-12-30 11:55:41,420 [INFO]  * Restarting with stat
2025-12-30 11:55:42,592 [WARNING]  * Debugger is active!
2025-12-30 11:55:42,598 [INFO]  * Debugger PIN: 677-314-678
2025-12-30 11:56:51,753 [INFO] 192.168.1.4 - - [30/Dec/2025 11:56:51] "GET /logRecords?deviceSn=AXTB12010831 HTTP/1.1" 200 -
2025-12-30 11:56:52,011 [INFO] 192.168.1.4 - - [30/Dec/2025 11:56:52] "[36mGET /static/bootstrap-3.3.7-dist/css/bootstrap.min.css HTTP/1.1[0m" 304 -
2025-12-30 11:56:52,068 [INFO] 192.168.1.4 - - [30/Dec/2025 11:56:52] "[36mGET /static/bootstrap-3.3.7-dist/js/bootstrap.min.js HTTP/1.1[0m" 304 -
2025-12-30 11:56:52,115 [INFO] 192.168.1.4 - - [30/Dec/2025 11:56:52] "[36mGET /static/js/jquery-1.12.4.min.js HTTP/1.1[0m" 304 -
2025-12-30 11:56:58,353 [INFO] 192.168.1.4 - - [30/Dec/2025 11:56:58] "[35m[1mGET /records?pn=1 HTTP/1.1[0m" 500 -
2025-12-30 11:57:14,660 [INFO] [31m[1mWARNING: This is a development server. Do not use it in a production deployment. Use a production WSGI server instead.[0m
 * Running on http://192.168.1.4:7788
2025-12-30 11:57:14,660 [INFO] [33mPress CTRL+C to quit[0m
2025-12-30 11:57:14,663 [INFO]  * Restarting with stat
2025-12-30 11:57:15,862 [WARNING]  * Debugger is active!
2025-12-30 11:57:15,866 [INFO]  * Debugger PIN: 677-314-678
2025-12-30 11:58:52,530 [INFO] [Webhook] Sending attendance payload: {'cmd': 'sendlog', 'sn': 'AXTB12010831', 'count': 9, 'logindex': 0, 'record': [{'enrollid': 5, 'name': 'G1', 'time': '2025-12-30 11:51:33', 'mode': 1, 'inout': 0, 'event': 0}, {'enrollid': 6, 'name': 'CARD', 'time': '2025-12-30 11:51:52', 'mode': 3, 'inout': 0, 'event': 0}, {'enrollid': 7, 'name': 'FACE', 'time': '2025-12-30 11:52:49', 'mode': 8, 'inout': 0, 'event': 0}, {'enrollid': 6, 'name': 'CARD', 'time': '2025-12-30 11:53:23', 'mode': 3, 'inout': 0, 'event': 0}, {'enrollid': 5, 'name': 'G1', 'time': '2025-12-30 11:53:29', 'mode': 1, 'inout': 0, 'event': 0}, {'enrollid': 4, 'name': '', 'time': '2025-12-30 11:53:37', 'mode': 16, 'inout': 0, 'event': 0}, {'enrollid': 6, 'name': 'CARD', 'time': '2025-12-30 11:54:43', 'mode': 3, 'inout': 0, 'event': 0}, {'enrollid': 6, 'name': 'CARD', 'time': '2025-12-30 11:55:48', 'mode': 3, 'inout': 0, 'event': 0}, {'enrollid': 6, 'name': 'CARD', 'time': '2025-12-30 11:57:36', 'mode': 3, 'inout': 0, 'event': 0}]}
2025-12-30 11:58:52,561 [INFO] [Webhook] Attendance forwarded successfully
2025-12-30 11:58:55,943 [INFO] 192.168.1.225 - - [30/Dec/2025 11:58:55] "GET /pub/chat HTTP/1.1" 200 -
2025-12-30 11:58:58,644 [INFO] 192.168.1.225 - - [30/Dec/2025 11:58:58] "GET /pub/chat HTTP/1.1" 200 -
2025-12-30 11:58:59,148 [INFO] [Webhook] Sending attendance payload: {'cmd': 'sendlog', 'sn': 'AXTB12010831', 'count': 1, 'logindex': 0, 'record': [{'enrollid': 6, 'name': 'CARD', 'time': '2025-12-30 11:58:57', 'mode': 3, 'inout': 0, 'event': 0}]}
2025-12-30 11:58:59,171 [INFO] [Webhook] Attendance forwarded successfully
2025-12-30 11:59:11,552 [INFO] [Webhook] Sending attendance payload: {'cmd': 'sendlog', 'sn': 'AXTB12010831', 'count': 1, 'logindex': 0, 'record': [{'enrollid': 7, 'name': 'FACE', 'time': '2025-12-30 11:59:10', 'mode': 8, 'inout': 0, 'event': 0}]}
2025-12-30 11:59:13,567 [ERROR] [Webhook] Failed to send attendance webhook
Traceback (most recent call last):
  File "C:\Users\LENOVO\OneDrive\Desktop\Orca\attendence\venv\Lib\site-packages\urllib3\connection.py", line 204, in _new_conn
    sock = connection.create_connection(
           ^^^^^^^^^^^^^^^^^^^^^^^^^^^^^
  File "C:\Users\LENOVO\OneDrive\Desktop\Orca\attendence\venv\Lib\site-packages\urllib3\util\connection.py", line 85, in create_connection
    raise err
  File "C:\Users\LENOVO\OneDrive\Desktop\Orca\attendence\venv\Lib\site-packages\urllib3\util\connection.py", line 73, in create_connection
    sock.connect(sa)
TimeoutError: timed out

The above exception was the direct cause of the following exception:

Traceback (most recent call last):
  File "C:\Users\LENOVO\OneDrive\Desktop\Orca\attendence\venv\Lib\site-packages\urllib3\connectionpool.py", line 787, in urlopen
    response = self._make_request(
               ^^^^^^^^^^^^^^^^^^^
  File "C:\Users\LENOVO\OneDrive\Desktop\Orca\attendence\venv\Lib\site-packages\urllib3\connectionpool.py", line 493, in _make_request
    conn.request(
  File "C:\Users\LENOVO\OneDrive\Desktop\Orca\attendence\venv\Lib\site-packages\urllib3\connection.py", line 500, in request
    self.endheaders()
  File "C:\Users\LENOVO\AppData\Local\Programs\Python\Python311\Lib\http\client.py", line 1281, in endheaders
    self._send_output(message_body, encode_chunked=encode_chunked)
  File "C:\Users\LENOVO\AppData\Local\Programs\Python\Python311\Lib\http\client.py", line 1041, in _send_output
    self.send(msg)
  File "C:\Users\LENOVO\AppData\Local\Programs\Python\Python311\Lib\http\client.py", line 979, in send
    self.connect()
  File "C:\Users\LENOVO\OneDrive\Desktop\Orca\attendence\venv\Lib\site-packages\urllib3\connection.py", line 331, in connect
    self.sock = self._new_conn()
                ^^^^^^^^^^^^^^^^
  File "C:\Users\LENOVO\OneDrive\Desktop\Orca\attendence\venv\Lib\site-packages\urllib3\connection.py", line 213, in _new_conn
    raise ConnectTimeoutError(
urllib3.exceptions.ConnectTimeoutError: (<HTTPConnection(host='127.0.0.1', port=8000) at 0x27e7ea3d410>, 'Connection to 127.0.0.1 timed out. (connect timeout=2)')

The above exception was the direct cause of the following exception:

Traceback (most recent call last):
  File "C:\Users\LENOVO\OneDrive\Desktop\Orca\attendence\venv\Lib\site-packages\requests\adapters.py", line 644, in send
    resp = conn.urlopen(
           ^^^^^^^^^^^^^
  File "C:\Users\LENOVO\OneDrive\Desktop\Orca\attendence\venv\Lib\site-packages\urllib3\connectionpool.py", line 841, in urlopen
    retries = retries.increment(
              ^^^^^^^^^^^^^^^^^^
  File "C:\Users\LENOVO\OneDrive\Desktop\Orca\attendence\venv\Lib\site-packages\urllib3\util\retry.py", line 519, in increment
    raise MaxRetryError(_pool, url, reason) from reason  # type: ignore[arg-type]
    ^^^^^^^^^^^^^^^^^^^^^^^^^^^^^^^^^^^^^^^^^^^^^^^^^^^
urllib3.exceptions.MaxRetryError: HTTPConnectionPool(host='127.0.0.1', port=8000): Max retries exceeded with url: /webhook (Caused by ConnectTimeoutError(<HTTPConnection(host='127.0.0.1', port=8000) at 0x27e7ea3d410>, 'Connection to 127.0.0.1 timed out. (connect timeout=2)'))

During handling of the above exception, another exception occurred:

Traceback (most recent call last):
  File "C:\Users\LENOVO\OneDrive\Desktop\Orca\attendence\FlaskProject\app.py", line 852, in send_attendance_webhook
    response = requests.post(
               ^^^^^^^^^^^^^^
  File "C:\Users\LENOVO\OneDrive\Desktop\Orca\attendence\venv\Lib\site-packages\requests\api.py", line 115, in post
    return request("post", url, data=data, json=json, **kwargs)
           ^^^^^^^^^^^^^^^^^^^^^^^^^^^^^^^^^^^^^^^^^^^^^^^^^^^^
  File "C:\Users\LENOVO\OneDrive\Desktop\Orca\attendence\venv\Lib\site-packages\requests\api.py", line 59, in request
    return session.request(method=method, url=url, **kwargs)
           ^^^^^^^^^^^^^^^^^^^^^^^^^^^^^^^^^^^^^^^^^^^^^^^^^
  File "C:\Users\LENOVO\OneDrive\Desktop\Orca\attendence\venv\Lib\site-packages\requests\sessions.py", line 589, in request
    resp = self.send(prep, **send_kwargs)
           ^^^^^^^^^^^^^^^^^^^^^^^^^^^^^^
  File "C:\Users\LENOVO\OneDrive\Desktop\Orca\attendence\venv\Lib\site-packages\requests\sessions.py", line 703, in send
    r = adapter.send(request, **kwargs)
        ^^^^^^^^^^^^^^^^^^^^^^^^^^^^^^^
  File "C:\Users\LENOVO\OneDrive\Desktop\Orca\attendence\venv\Lib\site-packages\requests\adapters.py", line 665, in send
    raise ConnectTimeout(e, request=request)
requests.exceptions.ConnectTimeout: HTTPConnectionPool(host='127.0.0.1', port=8000): Max retries exceeded with url: /webhook (Caused by ConnectTimeoutError(<HTTPConnection(host='127.0.0.1', port=8000) at 0x27e7ea3d410>, 'Connection to 127.0.0.1 timed out. (connect timeout=2)'))
2025-12-30 12:00:21,690 [INFO] [Webhook] Sending attendance payload: {'cmd': 'sendlog', 'sn': 'AXTB12010831', 'count': 1, 'logindex': 0, 'record': [{'enrollid': 6, 'name': 'CARD', 'time': '2025-12-30 12:00:20', 'mode': 3, 'inout': 0, 'event': 0}]}
2025-12-30 12:00:23,697 [ERROR] [Webhook] Failed to send attendance webhook
Traceback (most recent call last):
  File "C:\Users\LENOVO\OneDrive\Desktop\Orca\attendence\venv\Lib\site-packages\urllib3\connection.py", line 204, in _new_conn
    sock = connection.create_connection(
           ^^^^^^^^^^^^^^^^^^^^^^^^^^^^^
  File "C:\Users\LENOVO\OneDrive\Desktop\Orca\attendence\venv\Lib\site-packages\urllib3\util\connection.py", line 85, in create_connection
    raise err
  File "C:\Users\LENOVO\OneDrive\Desktop\Orca\attendence\venv\Lib\site-packages\urllib3\util\connection.py", line 73, in create_connection
    sock.connect(sa)
TimeoutError: timed out

The above exception was the direct cause of the following exception:

Traceback (most recent call last):
  File "C:\Users\LENOVO\OneDrive\Desktop\Orca\attendence\venv\Lib\site-packages\urllib3\connectionpool.py", line 787, in urlopen
    response = self._make_request(
               ^^^^^^^^^^^^^^^^^^^
  File "C:\Users\LENOVO\OneDrive\Desktop\Orca\attendence\venv\Lib\site-packages\urllib3\connectionpool.py", line 493, in _make_request
    conn.request(
  File "C:\Users\LENOVO\OneDrive\Desktop\Orca\attendence\venv\Lib\site-packages\urllib3\connection.py", line 500, in request
    self.endheaders()
  File "C:\Users\LENOVO\AppData\Local\Programs\Python\Python311\Lib\http\client.py", line 1281, in endheaders
    self._send_output(message_body, encode_chunked=encode_chunked)
  File "C:\Users\LENOVO\AppData\Local\Programs\Python\Python311\Lib\http\client.py", line 1041, in _send_output
    self.send(msg)
  File "C:\Users\LENOVO\AppData\Local\Programs\Python\Python311\Lib\http\client.py", line 979, in send
    self.connect()
  File "C:\Users\LENOVO\OneDrive\Desktop\Orca\attendence\venv\Lib\site-packages\urllib3\connection.py", line 331, in connect
    self.sock = self._new_conn()
                ^^^^^^^^^^^^^^^^
  File "C:\Users\LENOVO\OneDrive\Desktop\Orca\attendence\venv\Lib\site-packages\urllib3\connection.py", line 213, in _new_conn
    raise ConnectTimeoutError(
urllib3.exceptions.ConnectTimeoutError: (<HTTPConnection(host='127.0.0.1', port=8000) at 0x27e7e92e750>, 'Connection to 127.0.0.1 timed out. (connect timeout=2)')

The above exception was the direct cause of the following exception:

Traceback (most recent call last):
  File "C:\Users\LENOVO\OneDrive\Desktop\Orca\attendence\venv\Lib\site-packages\requests\adapters.py", line 644, in send
    resp = conn.urlopen(
           ^^^^^^^^^^^^^
  File "C:\Users\LENOVO\OneDrive\Desktop\Orca\attendence\venv\Lib\site-packages\urllib3\connectionpool.py", line 841, in urlopen
    retries = retries.increment(
              ^^^^^^^^^^^^^^^^^^
  File "C:\Users\LENOVO\OneDrive\Desktop\Orca\attendence\venv\Lib\site-packages\urllib3\util\retry.py", line 519, in increment
    raise MaxRetryError(_pool, url, reason) from reason  # type: ignore[arg-type]
    ^^^^^^^^^^^^^^^^^^^^^^^^^^^^^^^^^^^^^^^^^^^^^^^^^^^
urllib3.exceptions.MaxRetryError: HTTPConnectionPool(host='127.0.0.1', port=8000): Max retries exceeded with url: /webhook (Caused by ConnectTimeoutError(<HTTPConnection(host='127.0.0.1', port=8000) at 0x27e7e92e750>, 'Connection to 127.0.0.1 timed out. (connect timeout=2)'))

During handling of the above exception, another exception occurred:

Traceback (most recent call last):
  File "C:\Users\LENOVO\OneDrive\Desktop\Orca\attendence\FlaskProject\app.py", line 852, in send_attendance_webhook
    response = requests.post(
               ^^^^^^^^^^^^^^
  File "C:\Users\LENOVO\OneDrive\Desktop\Orca\attendence\venv\Lib\site-packages\requests\api.py", line 115, in post
    return request("post", url, data=data, json=json, **kwargs)
           ^^^^^^^^^^^^^^^^^^^^^^^^^^^^^^^^^^^^^^^^^^^^^^^^^^^^
  File "C:\Users\LENOVO\OneDrive\Desktop\Orca\attendence\venv\Lib\site-packages\requests\api.py", line 59, in request
    return session.request(method=method, url=url, **kwargs)
           ^^^^^^^^^^^^^^^^^^^^^^^^^^^^^^^^^^^^^^^^^^^^^^^^^
  File "C:\Users\LENOVO\OneDrive\Desktop\Orca\attendence\venv\Lib\site-packages\requests\sessions.py", line 589, in request
    resp = self.send(prep, **send_kwargs)
           ^^^^^^^^^^^^^^^^^^^^^^^^^^^^^^
  File "C:\Users\LENOVO\OneDrive\Desktop\Orca\attendence\venv\Lib\site-packages\requests\sessions.py", line 703, in send
    r = adapter.send(request, **kwargs)
        ^^^^^^^^^^^^^^^^^^^^^^^^^^^^^^^
  File "C:\Users\LENOVO\OneDrive\Desktop\Orca\attendence\venv\Lib\site-packages\requests\adapters.py", line 665, in send
    raise ConnectTimeout(e, request=request)
requests.exceptions.ConnectTimeout: HTTPConnectionPool(host='127.0.0.1', port=8000): Max retries exceeded with url: /webhook (Caused by ConnectTimeoutError(<HTTPConnection(host='127.0.0.1', port=8000) at 0x27e7e92e750>, 'Connection to 127.0.0.1 timed out. (connect timeout=2)'))
2025-12-30 12:00:34,773 [INFO] [31m[1mWARNING: This is a development server. Do not use it in a production deployment. Use a production WSGI server instead.[0m
 * Running on http://192.168.1.4:7788
2025-12-30 12:00:34,773 [INFO] [33mPress CTRL+C to quit[0m
2025-12-30 12:00:34,775 [INFO]  * Restarting with stat
2025-12-30 12:00:35,966 [WARNING]  * Debugger is active!
2025-12-30 12:00:35,971 [INFO]  * Debugger PIN: 677-314-678
2025-12-30 12:01:09,029 [INFO] [Webhook] Sending attendance payload: {'cmd': 'sendlog', 'sn': 'AXTB12010831', 'count': 1, 'logindex': 0, 'record': [{'enrollid': 7, 'name': 'FACE', 'time': '2025-12-30 12:01:07', 'mode': 8, 'inout': 0, 'event': 0}]}
2025-12-30 12:01:09,073 [INFO] [Webhook] Attendance forwarded successfully
2025-12-30 12:02:27,634 [INFO] [Webhook] Sending attendance payload: {'cmd': 'sendlog', 'sn': 'AXTB12010831', 'count': 1, 'logindex': 0, 'record': [{'enrollid': 6, 'name': 'CARD', 'time': '2025-12-30 12:02:26', 'mode': 3, 'inout': 0, 'event': 0}]}
2025-12-30 12:02:27,655 [INFO] [Webhook] Attendance forwarded successfully
2025-12-30 12:03:05,187 [INFO] [Webhook] Sending attendance payload: {'cmd': 'sendlog', 'sn': 'AXTB12010831', 'count': 1, 'logindex': 0, 'record': [{'enrollid': 7, 'name': 'FACE', 'time': '2025-12-30 12:03:02', 'mode': 8, 'inout': 0, 'event': 0}]}
2025-12-30 12:03:05,206 [INFO] [Webhook] Attendance forwarded successfully
2025-12-30 12:04:11,739 [INFO] [Webhook] Sending attendance payload: {'cmd': 'sendlog', 'sn': 'AXTB12010831', 'count': 1, 'logindex': 0, 'record': [{'enrollid': 7, 'name': 'FACE', 'time': '2025-12-30 12:04:09', 'mode': 8, 'inout': 0, 'event': 0}]}
2025-12-30 12:04:11,763 [INFO] [Webhook] Attendance forwarded successfully
2025-12-30 12:04:23,839 [INFO] [Webhook] Sending attendance payload: {'cmd': 'sendlog', 'sn': 'AXTB12010831', 'count': 1, 'logindex': 0, 'record': [{'enrollid': 6, 'name': 'CARD', 'time': '2025-12-30 12:04:22', 'mode': 3, 'inout': 0, 'event': 0}]}
2025-12-30 12:04:23,862 [INFO] [Webhook] Attendance forwarded successfully
2025-12-30 12:05:36,573 [INFO] [Webhook] Sending attendance payload: {'cmd': 'sendlog', 'sn': 'AXTB12010831', 'count': 1, 'logindex': 0, 'record': [{'enrollid': 4, 'name': '', 'time': '2025-12-30 12:05:35', 'mode': 1, 'inout': 0, 'event': 0}]}
2025-12-30 12:05:36,592 [INFO] [Webhook] Attendance forwarded successfully
2025-12-30 12:05:51,553 [INFO] [Webhook] Sending attendance payload: {'cmd': 'sendlog', 'sn': 'AXTB12010831', 'count': 1, 'logindex': 0, 'record': [{'enrollid': 6, 'name': 'CARD', 'time': '2025-12-30 12:05:50', 'mode': 3, 'inout': 0, 'event': 0}]}
2025-12-30 12:05:51,584 [INFO] [Webhook] Attendance forwarded successfully
2025-12-30 12:07:39,784 [INFO] [Webhook] Sending attendance payload: {'cmd': 'sendlog', 'sn': 'AXTB12010831', 'count': 1, 'logindex': 0, 'record': [{'enrollid': 4, 'name': '', 'time': '2025-12-30 12:07:37', 'mode': 1, 'inout': 0, 'event': 0}]}
2025-12-30 12:07:39,791 [INFO] [Webhook] Attendance forwarded successfully
2025-12-30 12:08:14,784 [INFO] [Webhook] Sending attendance payload: {'cmd': 'sendlog', 'sn': 'AXTB12010831', 'count': 1, 'logindex': 0, 'record': [{'enrollid': 6, 'name': 'CARD', 'time': '2025-12-30 12:08:11', 'mode': 3, 'inout': 0, 'event': 0}]}
2025-12-30 12:08:14,812 [INFO] [Webhook] Attendance forwarded successfully
2025-12-30 12:13:42,007 [INFO] 192.168.1.225 - - [30/Dec/2025 12:13:42] "GET /pub/chat HTTP/1.1" 200 -
